[21:03:30.559] Global cache location '/home/enrique/.cache/typescript/4.5', safe file path '/home/enrique/.emacs.d-zombie/.cache/lsp/npm/typescript/lib/node_modules/typescript/lib/typingSafeList.json', types map path /home/enrique/.emacs.d-zombie/.cache/lsp/npm/typescript/lib/node_modules/typescript/lib/typesMap.json
[21:03:30.560] Processing cache location '/home/enrique/.cache/typescript/4.5'
[21:03:30.561] Trying to find '/home/enrique/.cache/typescript/4.5/package.json'...
[21:03:30.567] Loaded content of '/home/enrique/.cache/typescript/4.5/package.json': {"private":true,"dependencies":{"types-registry":"^0.1.571"},"devDependencies":{"@types/accepts":"^1.3.5","@types/argparse":"^2.0.10","@types/balanced-match":"^1.0.1","@types/benchmark":"^2.1.1","@types/body-parser":"^1.19.2","@types/brace-expansion":"^1.1.0","@types/braces":"^3.0.1","@types/bser":"^2.0.1","@types/buffer-from":"^1.1.0","@types/bytes":"^3.1.1","@types/caniuse-lite":"^1.0.1","@types/co":"^4.6.3","@types/color-convert":"^2.0.0","@types/color-name":"^1.1.1","@types/combined-stream":"^1.0.3","@types/concat-map":"^0.0.1","@types/content-disposition":"^0.5.4","@types/content-type":"^1.1.5","@types/convert-source-map":"^1.5.2","@types/cookie":"^0.4.1","@types/cookie-signature":"^1.0.3","@types/cross-spawn":"^6.0.2","@types/cssom":"^0.4.1","@types/cssstyle":"^2.2.1","@types/data-urls":"^2.0.1","@types/debug":"^4.1.7","@types/dedent":"^0.7.0","@types/depd":"^1.1.32","@types/destroy":"^1.0.0","@types/domexception":"^2.0.1","@types/ee-first":"^1.1.0","@types/encodeurl":"^1.0.0","@types/escape-html":"^1.0.1","@types/escodegen":"^0.0.7","@types/eslint":"^8.2.0","@types/esprima":"^4.0.3","@types/estraverse":"^5.1.1","@types/esutils":"^2.0.0","@types/etag":"^1.8.1","@types/exit":"^0.1.31","@types/express":"^4.17.13","@types/fast-levenshtein":"^0.0.2","@types/fb-watchman":"^2.0.1","@types/fill-range":"^7.0.0","@types/finalhandler":"^1.1.1","@types/follow-redirects":"^1.13.1","@types/forwarded":"^0.1.0","@types/fresh":"^0.5.0","@types/function-bind":"^1.1.6","@types/glob":"^7.2.0","@types/graceful-fs":"^4.1.5","@types/grunt":"^0.4.27","@types/has":"^1.0.0","@types/html-encoding-sniffer":"^2.0.2","@types/html-escaper":"^3.0.0","@types/http-errors":"^1.8.1","@types/imurmurhash":"^0.1.1","@types/inherits":"^0.0.30","@types/interpret":"^1.1.1","@types/is-core-module":"^2.2.0","@types/is-number":"^7.0.1","@types/is-typedarray":"^1.0.0","@types/isexe":"^2.0.1","@types/istanbul-lib-coverage":"^2.0.3","@types/istanbul-lib-instrument":"^1.7.4","@types/istanbul-lib-report":"^3.0.0","@types/istanbul-lib-source-maps":"^4.0.1","@types/istanbul-reports":"^3.0.1","@types/jest":"^27.0.3","@types/js-yaml":"^4.0.5","@types/jsdom":"^16.2.13","@types/jsesc":"^3.0.1","@types/jsonwebtoken":"^8.5.6","@types/jwa":"^2.0.0","@types/jws":"^3.2.4","@types/karma":"^6.3.1","@types/karma-chrome-launcher":"^3.1.1","@types/karma-firefox-launcher":"^2.1.1","@types/lodash":"^4.14.178","@types/lodash.includes":"^4.3.6","@types/lodash.isboolean":"^3.0.6","@types/lodash.isinteger":"^4.0.6","@types/lodash.isnumber":"^3.0.6","@types/lodash.isplainobject":"^4.0.6","@types/lodash.isstring":"^4.0.6","@types/lodash.once":"^4.1.6","@types/lru-cache":"^5.1.1","@types/media-typer":"^1.1.1","@types/merge-descriptors":"^1.0.1","@types/merge-stream":"^1.1.2","@types/methods":"^1.1.1","@types/micromatch":"^4.0.2","@types/mime":"^2.0.3","@types/mime-db":"^1.43.1","@types/mime-types":"^2.1.1","@types/minimatch":"^3.0.5","@types/minimist":"^1.2.2","@types/ms":"^0.7.31","@types/natural-compare":"^1.4.1","@types/negotiator":"^0.6.1","@types/node-int64":"^0.4.29","@types/normalize-path":"^3.0.0","@types/nwsapi":"^2.2.2","@types/on-finished":"^2.3.1","@types/once":"^1.4.0","@types/parse5":"^6.0.3","@types/parseurl":"^1.3.1","@types/path-is-absolute":"^1.0.0","@types/path-parse":"^1.0.19","@types/picomatch":"^2.3.0","@types/prelude-ls":"^1.1.29","@types/prettier":"^2.4.2","@types/prompts":"^2.0.14","@types/proxy-addr":"^2.0.0","@types/psl":"^1.1.0","@types/punycode":"^2.1.0","@types/qs":"^6.9.7","@types/qunit":"^2.11.2","@types/range-parser":"^1.2.4","@types/react-is":"^17.0.3","@types/rechoir":"^0.6.1","@types/require-directory":"^2.1.2","@types/resolve":"^1.20.1","@types/rimraf":"^3.0.2","@types/safer-buffer":"^2.1.0","@types/semver":"^7.3.9","@types/send":"^0.17.1","@types/serve-static":"^1.13.10","@types/shebang-command":"^1.2.0","@types/shelljs":"^0.8.9","@types/signal-exit":"^3.0.1","@types/source-map-support":"^0.5.4","@types/sprintf":"^0.1.0","@types/sprintf-js":"^1.1.2","@types/stack-utils":"^2.0.1","@types/standard-version":"^7.0.1","@types/statuses":"^2.0.0","@types/strip-final-newline":"^3.0.0","@types/supports-color":"^8.1.1","@types/symbol-tree":"^3.2.2","@types/tap":"^15.0.5","@types/tmpl":"^1.0.0","@types/to-regex-range":"^5.0.0","@types/tough-cookie":"^4.0.1","@types/type-check":"^0.3.27","@types/type-detect":"^4.0.1","@types/type-is":"^1.6.3","@types/uglify-js":"^3.13.1","@types/universalify":"^1.0.0","@types/utils-merge":"^0.0.28","@types/uuid":"^8.3.3","@types/vary":"^1.1.0","@types/w3c-hr-time":"^1.0.0","@types/w3c-xmlserializer":"^2.0.2","@types/webidl-conversions":"^6.1.1","@types/whatwg-encoding":"^1.0.0","@types/whatwg-mimetype":"^2.1.1","@types/whatwg-url":"^8.2.1","@types/which":"^2.0.1","@types/wrap-ansi":"^8.0.1","@types/write-file-atomic":"^3.0.2","@types/ws":"^8.2.2","@types/xmldom":"^0.1.31","@types/yallist":"^4.0.1","@types/yargs":"^17.0.7","@types/yargs-parser":"^20.2.1"}}
[21:03:30.567] Loaded content of '/home/enrique/.cache/typescript/4.5/package-lock.json'
[21:03:30.580] Adding entry into typings cache: 'accepts' => '/home/enrique/.cache/typescript/4.5/node_modules/@types/accepts/index.d.ts'
[21:03:30.585] Adding entry into typings cache: 'argparse' => '/home/enrique/.cache/typescript/4.5/node_modules/@types/argparse/index.d.ts'
[21:03:30.587] Adding entry into typings cache: 'balanced-match' => '/home/enrique/.cache/typescript/4.5/node_modules/@types/balanced-match/index.d.ts'
[21:03:30.592] Adding entry into typings cache: 'benchmark' => '/home/enrique/.cache/typescript/4.5/node_modules/@types/benchmark/index.d.ts'
[21:03:30.598] Adding entry into typings cache: 'body-parser' => '/home/enrique/.cache/typescript/4.5/node_modules/@types/body-parser/index.d.ts'
[21:03:30.600] Adding entry into typings cache: 'brace-expansion' => '/home/enrique/.cache/typescript/4.5/node_modules/@types/brace-expansion/index.d.ts'
[21:03:30.602] Adding entry into typings cache: 'braces' => '/home/enrique/.cache/typescript/4.5/node_modules/@types/braces/index.d.ts'
[21:03:30.606] Adding entry into typings cache: 'bser' => '/home/enrique/.cache/typescript/4.5/node_modules/@types/bser/index.d.ts'
[21:03:30.610] Adding entry into typings cache: 'buffer-from' => '/home/enrique/.cache/typescript/4.5/node_modules/@types/buffer-from/index.d.ts'
[21:03:30.613] Adding entry into typings cache: 'bytes' => '/home/enrique/.cache/typescript/4.5/node_modules/@types/bytes/index.d.ts'
[21:03:30.616] Adding entry into typings cache: 'caniuse-lite' => '/home/enrique/.cache/typescript/4.5/node_modules/@types/caniuse-lite/index.d.ts'
[21:03:30.619] Adding entry into typings cache: 'co' => '/home/enrique/.cache/typescript/4.5/node_modules/@types/co/index.d.ts'
[21:03:30.625] Adding entry into typings cache: 'color-convert' => '/home/enrique/.cache/typescript/4.5/node_modules/@types/color-convert/index.d.ts'
[21:03:30.630] Adding entry into typings cache: 'color-name' => '/home/enrique/.cache/typescript/4.5/node_modules/@types/color-name/index.d.ts'
[21:03:30.632] Adding entry into typings cache: 'combined-stream' => '/home/enrique/.cache/typescript/4.5/node_modules/@types/combined-stream/index.d.ts'
[21:03:30.634] Adding entry into typings cache: 'concat-map' => '/home/enrique/.cache/typescript/4.5/node_modules/@types/concat-map/index.d.ts'
[21:03:30.636] Adding entry into typings cache: 'content-disposition' => '/home/enrique/.cache/typescript/4.5/node_modules/@types/content-disposition/index.d.ts'
[21:03:30.639] Adding entry into typings cache: 'content-type' => '/home/enrique/.cache/typescript/4.5/node_modules/@types/content-type/index.d.ts'
[21:03:30.642] Adding entry into typings cache: 'convert-source-map' => '/home/enrique/.cache/typescript/4.5/node_modules/@types/convert-source-map/index.d.ts'
[21:03:30.644] Adding entry into typings cache: 'cookie' => '/home/enrique/.cache/typescript/4.5/node_modules/@types/cookie/index.d.ts'
[21:03:30.646] Adding entry into typings cache: 'cookie-signature' => '/home/enrique/.cache/typescript/4.5/node_modules/@types/cookie-signature/index.d.ts'
[21:03:30.649] Adding entry into typings cache: 'cross-spawn' => '/home/enrique/.cache/typescript/4.5/node_modules/@types/cross-spawn/index.d.ts'
[21:03:30.651] Adding entry into typings cache: 'cssom' => '/home/enrique/.cache/typescript/4.5/node_modules/@types/cssom/index.d.ts'
[21:03:30.653] Adding entry into typings cache: 'cssstyle' => '/home/enrique/.cache/typescript/4.5/node_modules/@types/cssstyle/index.d.ts'
[21:03:30.655] Adding entry into typings cache: 'data-urls' => '/home/enrique/.cache/typescript/4.5/node_modules/@types/data-urls/index.d.ts'
[21:03:30.662] Adding entry into typings cache: 'debug' => '/home/enrique/.cache/typescript/4.5/node_modules/@types/debug/index.d.ts'
[21:03:30.665] Adding entry into typings cache: 'dedent' => '/home/enrique/.cache/typescript/4.5/node_modules/@types/dedent/index.d.ts'
[21:03:30.667] Adding entry into typings cache: 'depd' => '/home/enrique/.cache/typescript/4.5/node_modules/@types/depd/index.d.ts'
[21:03:30.669] Adding entry into typings cache: 'destroy' => '/home/enrique/.cache/typescript/4.5/node_modules/@types/destroy/index.d.ts'
[21:03:30.671] Adding entry into typings cache: 'domexception' => '/home/enrique/.cache/typescript/4.5/node_modules/@types/domexception/index.d.ts'
[21:03:30.673] Adding entry into typings cache: 'ee-first' => '/home/enrique/.cache/typescript/4.5/node_modules/@types/ee-first/index.d.ts'
[21:03:30.674] Adding entry into typings cache: 'encodeurl' => '/home/enrique/.cache/typescript/4.5/node_modules/@types/encodeurl/index.d.ts'
[21:03:30.676] Adding entry into typings cache: 'escape-html' => '/home/enrique/.cache/typescript/4.5/node_modules/@types/escape-html/index.d.ts'
[21:03:30.678] Adding entry into typings cache: 'escodegen' => '/home/enrique/.cache/typescript/4.5/node_modules/@types/escodegen/index.d.ts'
[21:03:30.681] Adding entry into typings cache: 'eslint' => '/home/enrique/.cache/typescript/4.5/node_modules/@types/eslint/index.d.ts'
[21:03:30.683] Adding entry into typings cache: 'esprima' => '/home/enrique/.cache/typescript/4.5/node_modules/@types/esprima/index.d.ts'
[21:03:30.686] Adding entry into typings cache: 'estraverse' => '/home/enrique/.cache/typescript/4.5/node_modules/@types/estraverse/index.d.ts'
[21:03:30.687] Adding entry into typings cache: 'esutils' => '/home/enrique/.cache/typescript/4.5/node_modules/@types/esutils/index.d.ts'
[21:03:30.689] Adding entry into typings cache: 'etag' => '/home/enrique/.cache/typescript/4.5/node_modules/@types/etag/index.d.ts'
[21:03:30.691] Adding entry into typings cache: 'exit' => '/home/enrique/.cache/typescript/4.5/node_modules/@types/exit/index.d.ts'
[21:03:30.695] Adding entry into typings cache: 'express' => '/home/enrique/.cache/typescript/4.5/node_modules/@types/express/index.d.ts'
[21:03:30.696] Adding entry into typings cache: 'fast-levenshtein' => '/home/enrique/.cache/typescript/4.5/node_modules/@types/fast-levenshtein/index.d.ts'
[21:03:30.698] Adding entry into typings cache: 'fb-watchman' => '/home/enrique/.cache/typescript/4.5/node_modules/@types/fb-watchman/index.d.ts'
[21:03:30.700] Adding entry into typings cache: 'fill-range' => '/home/enrique/.cache/typescript/4.5/node_modules/@types/fill-range/index.d.ts'
[21:03:30.702] Adding entry into typings cache: 'finalhandler' => '/home/enrique/.cache/typescript/4.5/node_modules/@types/finalhandler/index.d.ts'
[21:03:30.704] Adding entry into typings cache: 'follow-redirects' => '/home/enrique/.cache/typescript/4.5/node_modules/@types/follow-redirects/index.d.ts'
[21:03:30.706] Adding entry into typings cache: 'forwarded' => '/home/enrique/.cache/typescript/4.5/node_modules/@types/forwarded/index.d.ts'
[21:03:30.708] Adding entry into typings cache: 'fresh' => '/home/enrique/.cache/typescript/4.5/node_modules/@types/fresh/index.d.ts'
[21:03:30.710] Adding entry into typings cache: 'function-bind' => '/home/enrique/.cache/typescript/4.5/node_modules/@types/function-bind/index.d.ts'
[21:03:30.712] Adding entry into typings cache: 'glob' => '/home/enrique/.cache/typescript/4.5/node_modules/@types/glob/index.d.ts'
[21:03:30.716] Adding entry into typings cache: 'graceful-fs' => '/home/enrique/.cache/typescript/4.5/node_modules/@types/graceful-fs/index.d.ts'
[21:03:30.718] Adding entry into typings cache: 'grunt' => '/home/enrique/.cache/typescript/4.5/node_modules/@types/grunt/index.d.ts'
[21:03:30.719] Adding entry into typings cache: 'has' => '/home/enrique/.cache/typescript/4.5/node_modules/@types/has/index.d.ts'
[21:03:30.721] Adding entry into typings cache: 'html-encoding-sniffer' => '/home/enrique/.cache/typescript/4.5/node_modules/@types/html-encoding-sniffer/index.d.ts'
[21:03:30.722] Adding entry into typings cache: 'html-escaper' => '/home/enrique/.cache/typescript/4.5/node_modules/@types/html-escaper/index.d.ts'
[21:03:30.724] Adding entry into typings cache: 'http-errors' => '/home/enrique/.cache/typescript/4.5/node_modules/@types/http-errors/index.d.ts'
[21:03:30.726] Adding entry into typings cache: 'imurmurhash' => '/home/enrique/.cache/typescript/4.5/node_modules/@types/imurmurhash/index.d.ts'
[21:03:30.728] Adding entry into typings cache: 'inherits' => '/home/enrique/.cache/typescript/4.5/node_modules/@types/inherits/index.d.ts'
[21:03:30.730] Adding entry into typings cache: 'interpret' => '/home/enrique/.cache/typescript/4.5/node_modules/@types/interpret/index.d.ts'
[21:03:30.731] Adding entry into typings cache: 'is-core-module' => '/home/enrique/.cache/typescript/4.5/node_modules/@types/is-core-module/index.d.ts'
[21:03:30.733] Adding entry into typings cache: 'is-number' => '/home/enrique/.cache/typescript/4.5/node_modules/@types/is-number/index.d.ts'
[21:03:30.735] Adding entry into typings cache: 'is-typedarray' => '/home/enrique/.cache/typescript/4.5/node_modules/@types/is-typedarray/index.d.ts'
[21:03:30.737] Adding entry into typings cache: 'isexe' => '/home/enrique/.cache/typescript/4.5/node_modules/@types/isexe/index.d.ts'
[21:03:30.740] Adding entry into typings cache: 'istanbul-lib-coverage' => '/home/enrique/.cache/typescript/4.5/node_modules/@types/istanbul-lib-coverage/index.d.ts'
[21:03:30.742] Adding entry into typings cache: 'istanbul-lib-instrument' => '/home/enrique/.cache/typescript/4.5/node_modules/@types/istanbul-lib-instrument/index.d.ts'
[21:03:30.744] Adding entry into typings cache: 'istanbul-lib-report' => '/home/enrique/.cache/typescript/4.5/node_modules/@types/istanbul-lib-report/index.d.ts'
[21:03:30.747] Adding entry into typings cache: 'istanbul-lib-source-maps' => '/home/enrique/.cache/typescript/4.5/node_modules/@types/istanbul-lib-source-maps/index.d.ts'
[21:03:30.749] Adding entry into typings cache: 'istanbul-reports' => '/home/enrique/.cache/typescript/4.5/node_modules/@types/istanbul-reports/index.d.ts'
[21:03:30.754] Adding entry into typings cache: 'jest' => '/home/enrique/.cache/typescript/4.5/node_modules/@types/jest/index.d.ts'
[21:03:30.756] Adding entry into typings cache: 'js-yaml' => '/home/enrique/.cache/typescript/4.5/node_modules/@types/js-yaml/index.d.ts'
[21:03:30.758] Adding entry into typings cache: 'jsdom' => '/home/enrique/.cache/typescript/4.5/node_modules/@types/jsdom/index.d.ts'
[21:03:30.759] Adding entry into typings cache: 'jsesc' => '/home/enrique/.cache/typescript/4.5/node_modules/@types/jsesc/index.d.ts'
[21:03:30.763] Adding entry into typings cache: 'jsonwebtoken' => '/home/enrique/.cache/typescript/4.5/node_modules/@types/jsonwebtoken/index.d.ts'
[21:03:30.765] Adding entry into typings cache: 'jwa' => '/home/enrique/.cache/typescript/4.5/node_modules/@types/jwa/index.d.ts'
[21:03:30.767] Adding entry into typings cache: 'jws' => '/home/enrique/.cache/typescript/4.5/node_modules/@types/jws/index.d.ts'
[21:03:30.769] Adding entry into typings cache: 'karma' => '/home/enrique/.cache/typescript/4.5/node_modules/@types/karma/index.d.ts'
[21:03:30.772] Adding entry into typings cache: 'karma-chrome-launcher' => '/home/enrique/.cache/typescript/4.5/node_modules/@types/karma-chrome-launcher/index.d.ts'
[21:03:30.774] Adding entry into typings cache: 'karma-firefox-launcher' => '/home/enrique/.cache/typescript/4.5/node_modules/@types/karma-firefox-launcher/index.d.ts'
[21:03:30.778] Adding entry into typings cache: 'lodash' => '/home/enrique/.cache/typescript/4.5/node_modules/@types/lodash/index.d.ts'
[21:03:30.780] Adding entry into typings cache: 'lodash.includes' => '/home/enrique/.cache/typescript/4.5/node_modules/@types/lodash.includes/index.d.ts'
[21:03:30.782] Adding entry into typings cache: 'lodash.isboolean' => '/home/enrique/.cache/typescript/4.5/node_modules/@types/lodash.isboolean/index.d.ts'
[21:03:30.783] Adding entry into typings cache: 'lodash.isinteger' => '/home/enrique/.cache/typescript/4.5/node_modules/@types/lodash.isinteger/index.d.ts'
[21:03:30.785] Adding entry into typings cache: 'lodash.isnumber' => '/home/enrique/.cache/typescript/4.5/node_modules/@types/lodash.isnumber/index.d.ts'
[21:03:30.789] Adding entry into typings cache: 'lodash.isplainobject' => '/home/enrique/.cache/typescript/4.5/node_modules/@types/lodash.isplainobject/index.d.ts'
[21:03:30.791] Adding entry into typings cache: 'lodash.isstring' => '/home/enrique/.cache/typescript/4.5/node_modules/@types/lodash.isstring/index.d.ts'
[21:03:30.793] Adding entry into typings cache: 'lodash.once' => '/home/enrique/.cache/typescript/4.5/node_modules/@types/lodash.once/index.d.ts'
[21:03:30.794] Adding entry into typings cache: 'lru-cache' => '/home/enrique/.cache/typescript/4.5/node_modules/@types/lru-cache/index.d.ts'
[21:03:30.796] Adding entry into typings cache: 'media-typer' => '/home/enrique/.cache/typescript/4.5/node_modules/@types/media-typer/index.d.ts'
[21:03:30.798] Adding entry into typings cache: 'merge-descriptors' => '/home/enrique/.cache/typescript/4.5/node_modules/@types/merge-descriptors/index.d.ts'
[21:03:30.800] Adding entry into typings cache: 'merge-stream' => '/home/enrique/.cache/typescript/4.5/node_modules/@types/merge-stream/index.d.ts'
[21:03:30.801] Adding entry into typings cache: 'methods' => '/home/enrique/.cache/typescript/4.5/node_modules/@types/methods/index.d.ts'
[21:03:30.803] Adding entry into typings cache: 'micromatch' => '/home/enrique/.cache/typescript/4.5/node_modules/@types/micromatch/index.d.ts'
[21:03:30.806] Adding entry into typings cache: 'mime' => '/home/enrique/.cache/typescript/4.5/node_modules/@types/mime/index.d.ts'
[21:03:30.808] Adding entry into typings cache: 'mime-db' => '/home/enrique/.cache/typescript/4.5/node_modules/@types/mime-db/index.d.ts'
[21:03:30.809] Adding entry into typings cache: 'mime-types' => '/home/enrique/.cache/typescript/4.5/node_modules/@types/mime-types/index.d.ts'
[21:03:30.811] Adding entry into typings cache: 'minimatch' => '/home/enrique/.cache/typescript/4.5/node_modules/@types/minimatch/index.d.ts'
[21:03:30.812] Adding entry into typings cache: 'minimist' => '/home/enrique/.cache/typescript/4.5/node_modules/@types/minimist/index.d.ts'
[21:03:30.817] Adding entry into typings cache: 'ms' => '/home/enrique/.cache/typescript/4.5/node_modules/@types/ms/index.d.ts'
[21:03:30.818] Adding entry into typings cache: 'natural-compare' => '/home/enrique/.cache/typescript/4.5/node_modules/@types/natural-compare/index.d.ts'
[21:03:30.820] Adding entry into typings cache: 'negotiator' => '/home/enrique/.cache/typescript/4.5/node_modules/@types/negotiator/index.d.ts'
[21:03:30.822] Adding entry into typings cache: 'node-int64' => '/home/enrique/.cache/typescript/4.5/node_modules/@types/node-int64/index.d.ts'
[21:03:30.824] Adding entry into typings cache: 'normalize-path' => '/home/enrique/.cache/typescript/4.5/node_modules/@types/normalize-path/index.d.ts'
[21:03:30.826] Adding entry into typings cache: 'nwsapi' => '/home/enrique/.cache/typescript/4.5/node_modules/@types/nwsapi/index.d.ts'
[21:03:30.828] Adding entry into typings cache: 'on-finished' => '/home/enrique/.cache/typescript/4.5/node_modules/@types/on-finished/index.d.ts'
[21:03:30.829] Adding entry into typings cache: 'once' => '/home/enrique/.cache/typescript/4.5/node_modules/@types/once/index.d.ts'
[21:03:30.831] Adding entry into typings cache: 'parse5' => '/home/enrique/.cache/typescript/4.5/node_modules/@types/parse5/index.d.ts'
[21:03:30.832] Adding entry into typings cache: 'parseurl' => '/home/enrique/.cache/typescript/4.5/node_modules/@types/parseurl/index.d.ts'
[21:03:30.833] Adding entry into typings cache: 'path-is-absolute' => '/home/enrique/.cache/typescript/4.5/node_modules/@types/path-is-absolute/index.d.ts'
[21:03:30.835] Adding entry into typings cache: 'path-parse' => '/home/enrique/.cache/typescript/4.5/node_modules/@types/path-parse/index.d.ts'
[21:03:30.836] Adding entry into typings cache: 'picomatch' => '/home/enrique/.cache/typescript/4.5/node_modules/@types/picomatch/index.d.ts'
[21:03:30.838] Adding entry into typings cache: 'prelude-ls' => '/home/enrique/.cache/typescript/4.5/node_modules/@types/prelude-ls/index.d.ts'
[21:03:30.839] Adding entry into typings cache: 'prettier' => '/home/enrique/.cache/typescript/4.5/node_modules/@types/prettier/index.d.ts'
[21:03:30.841] Adding entry into typings cache: 'prompts' => '/home/enrique/.cache/typescript/4.5/node_modules/@types/prompts/index.d.ts'
[21:03:30.843] Adding entry into typings cache: 'proxy-addr' => '/home/enrique/.cache/typescript/4.5/node_modules/@types/proxy-addr/index.d.ts'
[21:03:30.844] Adding entry into typings cache: 'psl' => '/home/enrique/.cache/typescript/4.5/node_modules/@types/psl/index.d.ts'
[21:03:30.846] Adding entry into typings cache: 'punycode' => '/home/enrique/.cache/typescript/4.5/node_modules/@types/punycode/index.d.ts'
[21:03:30.848] Adding entry into typings cache: 'qs' => '/home/enrique/.cache/typescript/4.5/node_modules/@types/qs/index.d.ts'
[21:03:30.849] Adding entry into typings cache: 'qunit' => '/home/enrique/.cache/typescript/4.5/node_modules/@types/qunit/index.d.ts'
[21:03:30.851] Adding entry into typings cache: 'range-parser' => '/home/enrique/.cache/typescript/4.5/node_modules/@types/range-parser/index.d.ts'
[21:03:30.855] Adding entry into typings cache: 'react-is' => '/home/enrique/.cache/typescript/4.5/node_modules/@types/react-is/index.d.ts'
[21:03:30.857] Adding entry into typings cache: 'rechoir' => '/home/enrique/.cache/typescript/4.5/node_modules/@types/rechoir/index.d.ts'
[21:03:30.859] Adding entry into typings cache: 'require-directory' => '/home/enrique/.cache/typescript/4.5/node_modules/@types/require-directory/index.d.ts'
[21:03:30.860] Adding entry into typings cache: 'resolve' => '/home/enrique/.cache/typescript/4.5/node_modules/@types/resolve/index.d.ts'
[21:03:30.861] Adding entry into typings cache: 'rimraf' => '/home/enrique/.cache/typescript/4.5/node_modules/@types/rimraf/index.d.ts'
[21:03:30.863] Adding entry into typings cache: 'safer-buffer' => '/home/enrique/.cache/typescript/4.5/node_modules/@types/safer-buffer/index.d.ts'
[21:03:30.864] Adding entry into typings cache: 'semver' => '/home/enrique/.cache/typescript/4.5/node_modules/@types/semver/index.d.ts'
[21:03:30.866] Adding entry into typings cache: 'send' => '/home/enrique/.cache/typescript/4.5/node_modules/@types/send/index.d.ts'
[21:03:30.868] Adding entry into typings cache: 'serve-static' => '/home/enrique/.cache/typescript/4.5/node_modules/@types/serve-static/index.d.ts'
[21:03:30.869] Adding entry into typings cache: 'shebang-command' => '/home/enrique/.cache/typescript/4.5/node_modules/@types/shebang-command/index.d.ts'
[21:03:30.873] Adding entry into typings cache: 'shelljs' => '/home/enrique/.cache/typescript/4.5/node_modules/@types/shelljs/index.d.ts'
[21:03:30.875] Adding entry into typings cache: 'signal-exit' => '/home/enrique/.cache/typescript/4.5/node_modules/@types/signal-exit/index.d.ts'
[21:03:30.876] Adding entry into typings cache: 'source-map-support' => '/home/enrique/.cache/typescript/4.5/node_modules/@types/source-map-support/index.d.ts'
[21:03:30.878] Adding entry into typings cache: 'sprintf' => '/home/enrique/.cache/typescript/4.5/node_modules/@types/sprintf/index.d.ts'
[21:03:30.880] Adding entry into typings cache: 'sprintf-js' => '/home/enrique/.cache/typescript/4.5/node_modules/@types/sprintf-js/index.d.ts'
[21:03:30.881] Adding entry into typings cache: 'stack-utils' => '/home/enrique/.cache/typescript/4.5/node_modules/@types/stack-utils/index.d.ts'
[21:03:30.883] Adding entry into typings cache: 'standard-version' => '/home/enrique/.cache/typescript/4.5/node_modules/@types/standard-version/index.d.ts'
[21:03:30.884] Adding entry into typings cache: 'statuses' => '/home/enrique/.cache/typescript/4.5/node_modules/@types/statuses/index.d.ts'
[21:03:30.886] Adding entry into typings cache: 'strip-final-newline' => '/home/enrique/.cache/typescript/4.5/node_modules/@types/strip-final-newline/index.d.ts'
[21:03:30.889] Adding entry into typings cache: 'supports-color' => '/home/enrique/.cache/typescript/4.5/node_modules/@types/supports-color/index.d.ts'
[21:03:30.891] Adding entry into typings cache: 'symbol-tree' => '/home/enrique/.cache/typescript/4.5/node_modules/@types/symbol-tree/index.d.ts'
[21:03:30.893] Adding entry into typings cache: 'tap' => '/home/enrique/.cache/typescript/4.5/node_modules/@types/tap/index.d.ts'
[21:03:30.894] Adding entry into typings cache: 'tmpl' => '/home/enrique/.cache/typescript/4.5/node_modules/@types/tmpl/index.d.ts'
[21:03:30.896] Adding entry into typings cache: 'to-regex-range' => '/home/enrique/.cache/typescript/4.5/node_modules/@types/to-regex-range/index.d.ts'
[21:03:30.897] Adding entry into typings cache: 'tough-cookie' => '/home/enrique/.cache/typescript/4.5/node_modules/@types/tough-cookie/index.d.ts'
[21:03:30.898] Adding entry into typings cache: 'type-check' => '/home/enrique/.cache/typescript/4.5/node_modules/@types/type-check/index.d.ts'
[21:03:30.900] Adding entry into typings cache: 'type-detect' => '/home/enrique/.cache/typescript/4.5/node_modules/@types/type-detect/index.d.ts'
[21:03:30.901] Adding entry into typings cache: 'type-is' => '/home/enrique/.cache/typescript/4.5/node_modules/@types/type-is/index.d.ts'
[21:03:30.903] Adding entry into typings cache: 'uglify-js' => '/home/enrique/.cache/typescript/4.5/node_modules/@types/uglify-js/index.d.ts'
[21:03:30.906] Adding entry into typings cache: 'universalify' => '/home/enrique/.cache/typescript/4.5/node_modules/@types/universalify/index.d.ts'
[21:03:30.907] Adding entry into typings cache: 'utils-merge' => '/home/enrique/.cache/typescript/4.5/node_modules/@types/utils-merge/index.d.ts'
[21:03:30.909] Adding entry into typings cache: 'uuid' => '/home/enrique/.cache/typescript/4.5/node_modules/@types/uuid/index.d.ts'
[21:03:30.910] Adding entry into typings cache: 'vary' => '/home/enrique/.cache/typescript/4.5/node_modules/@types/vary/index.d.ts'
[21:03:30.911] Adding entry into typings cache: 'w3c-hr-time' => '/home/enrique/.cache/typescript/4.5/node_modules/@types/w3c-hr-time/index.d.ts'
[21:03:30.912] Adding entry into typings cache: 'w3c-xmlserializer' => '/home/enrique/.cache/typescript/4.5/node_modules/@types/w3c-xmlserializer/index.d.ts'
[21:03:30.914] Adding entry into typings cache: 'webidl-conversions' => '/home/enrique/.cache/typescript/4.5/node_modules/@types/webidl-conversions/index.d.ts'
[21:03:30.915] Adding entry into typings cache: 'whatwg-encoding' => '/home/enrique/.cache/typescript/4.5/node_modules/@types/whatwg-encoding/index.d.ts'
[21:03:30.916] Adding entry into typings cache: 'whatwg-mimetype' => '/home/enrique/.cache/typescript/4.5/node_modules/@types/whatwg-mimetype/index.d.ts'
[21:03:30.918] Adding entry into typings cache: 'whatwg-url' => '/home/enrique/.cache/typescript/4.5/node_modules/@types/whatwg-url/index.d.ts'
[21:03:30.919] Adding entry into typings cache: 'which' => '/home/enrique/.cache/typescript/4.5/node_modules/@types/which/index.d.ts'
[21:03:30.920] Adding entry into typings cache: 'wrap-ansi' => '/home/enrique/.cache/typescript/4.5/node_modules/@types/wrap-ansi/index.d.ts'
[21:03:30.921] Adding entry into typings cache: 'write-file-atomic' => '/home/enrique/.cache/typescript/4.5/node_modules/@types/write-file-atomic/index.d.ts'
[21:03:30.923] Adding entry into typings cache: 'ws' => '/home/enrique/.cache/typescript/4.5/node_modules/@types/ws/index.d.ts'
[21:03:30.925] Adding entry into typings cache: 'xmldom' => '/home/enrique/.cache/typescript/4.5/node_modules/@types/xmldom/index.d.ts'
[21:03:30.926] Adding entry into typings cache: 'yallist' => '/home/enrique/.cache/typescript/4.5/node_modules/@types/yallist/index.d.ts'
[21:03:30.928] Adding entry into typings cache: 'yargs' => '/home/enrique/.cache/typescript/4.5/node_modules/@types/yargs/index.d.ts'
[21:03:30.930] Adding entry into typings cache: 'yargs-parser' => '/home/enrique/.cache/typescript/4.5/node_modules/@types/yargs-parser/index.d.ts'
[21:03:30.930] Finished processing cache location '/home/enrique/.cache/typescript/4.5'
[21:03:30.930] Process id: 10529
[21:03:30.930] NPM location: /home/enrique/.nvm/versions/node/v17.2.0/bin/npm (explicit '--npmLocation' not  provided)
[21:03:30.930] validateDefaultNpmLocation: false
[21:03:30.930] Npm config file: /home/enrique/.cache/typescript/4.5/package.json
[21:03:30.930] Updating types-registry npm package...
[21:03:30.930] Exec: /home/enrique/.nvm/versions/node/v17.2.0/bin/npm install --ignore-scripts types-registry@latest
[21:03:33.793]     Succeeded. stdout:
    
    changed 1 package, and audited 209 packages in 3s

3 packages are looking for funding
  run `npm fund` for details

found 0 vulnerabilities

[21:03:33.793] Updated types-registry npm package
